<?xml version="1.0" encoding="UTF-8"?>
<!-- Generated by org.testng.reporters.JUnitReportReporter -->
<testsuite skipped="0" hostname="DESKTOP-DDJ9P88" name="com.training.sanity.tests.Administration_CreateCourse" tests="2" failures="0" timestamp="31 Jan 2020 05:31:16 GMT" time="14.703" errors="0">
  <testcase name="validLoginTest" time="5.789" classname="com.training.sanity.tests.Administration_CreateCourse"/>
  <testcase name="administrationCreateCourse" time="8.914" classname="com.training.sanity.tests.Administration_CreateCourse"/>
</testsuite> <!-- com.training.sanity.tests.Administration_CreateCourse -->
