<?xml version="1.0" encoding="UTF-8"?>
<!-- Generated by org.testng.reporters.JUnitReportReporter -->
<testsuite skipped="0" hostname="DESKTOP-DDJ9P88" name="com.training.sanity.tests.Administration_CourseList" tests="2" failures="0" timestamp="31 Jan 2020 05:29:18 GMT" time="13.595" errors="0">
  <testcase name="validLoginTest" time="6.621" classname="com.training.sanity.tests.Administration_CourseList"/>
  <testcase name="administrationCourseList" time="6.974" classname="com.training.sanity.tests.Administration_CourseList"/>
</testsuite> <!-- com.training.sanity.tests.Administration_CourseList -->
