<?xml version="1.0" encoding="UTF-8"?>
<!-- Generated by org.testng.reporters.JUnitReportReporter -->
<testsuite skipped="0" hostname="DESKTOP-DDJ9P88" name="com.training.sanity.tests.Administration_AddUsersToCourses" tests="2" failures="0" timestamp="31 Jan 2020 05:28:22 GMT" time="14.296" errors="0">
  <testcase name="validLoginTest" time="6.756" classname="com.training.sanity.tests.Administration_AddUsersToCourses"/>
  <testcase name="administrationAddUsersToCourses" time="7.540" classname="com.training.sanity.tests.Administration_AddUsersToCourses"/>
</testsuite> <!-- com.training.sanity.tests.Administration_AddUsersToCourses -->
