<?xml version="1.0" encoding="UTF-8"?>
<!-- Generated by org.testng.reporters.JUnitReportReporter -->
<testsuite skipped="0" hostname="DESKTOP-DDJ9P88" name="com.training.sanity.tests.Administration_DelCoursesCategories" tests="2" failures="0" timestamp="31 Jan 2020 05:31:59 GMT" time="13.980" errors="0">
  <testcase name="validLoginTest" time="5.626" classname="com.training.sanity.tests.Administration_DelCoursesCategories"/>
  <testcase name="administrationDelCourseCategory" time="8.354" classname="com.training.sanity.tests.Administration_DelCoursesCategories"/>
</testsuite> <!-- com.training.sanity.tests.Administration_DelCoursesCategories -->
