<?xml version="1.0" encoding="UTF-8"?>
<!-- Generated by org.testng.reporters.JUnitReportReporter -->
<testsuite skipped="0" hostname="DESKTOP-DDJ9P88" name="com.training.sanity.tests.Administration_CoursesCategories" tests="2" failures="0" timestamp="31 Jan 2020 05:30:32 GMT" time="18.233" errors="0">
  <testcase name="validLoginTest" time="7.689" classname="com.training.sanity.tests.Administration_CoursesCategories"/>
  <testcase name="administrationCourseCategory" time="10.544" classname="com.training.sanity.tests.Administration_CoursesCategories"/>
</testsuite> <!-- com.training.sanity.tests.Administration_CoursesCategories -->
